* using log directory ‘/Users/andrealauria/Algo/Rpacks/ngsRtools/packages/RNAseqRtools/..Rcheck’
* using R version 3.5.3 (2019-03-11)
* using platform: x86_64-apple-darwin15.6.0 (64-bit)
* using session charset: UTF-8
* checking for file ‘./DESCRIPTION’ ... OK
* checking extension type ... Package
* this is package ‘RNAseqRtools’ version ‘0.1.0’
* package encoding: UTF-8
* checking package namespace information ... OK
* checking package dependencies ... OK
* checking if this is a source package ... NOTE
Subdirectory ‘RNAseqRtools.Rcheck/RNAseqRtools’ seems to contain an installed version of the package.
* checking if there is a namespace ... OK
* checking for executable files ... OK
* checking for hidden files and directories ... NOTE
Found the following hidden files and directories:
  ..Rcheck
These were most likely included in error. See section ‘Package
structure’ in the ‘Writing R Extensions’ manual.
* checking for portable file names ... OK
* checking for sufficient/correct file permissions ... OK
* checking whether package ‘RNAseqRtools’ can be installed ... OK
* checking installed package size ... OK
* checking package directory ... OK
* checking DESCRIPTION meta-information ... NOTE
Malformed Title field: should not end in a period.
Malformed Description field: should contain one or more complete sentences.
Checking should be performed on sources prepared by ‘R CMD build’.
* checking top-level files ... OK
* checking for left-over files ... OK
* checking index information ... OK
* checking package subdirectories ... WARNING
Found the following directories with names of check directories:
  ./..Rcheck
  ./RNAseqRtools.Rcheck
Most likely, these were included erroneously.
* checking R files for non-ASCII characters ... OK
* checking R files for syntax errors ... OK
* checking whether the package can be loaded ... OK
* checking whether the package can be loaded with stated dependencies ... OK
* checking whether the package can be unloaded cleanly ... OK
* checking whether the namespace can be loaded with stated dependencies ... OK
* checking whether the namespace can be unloaded cleanly ... OK
* checking loading without being on the library search path ... OK
* checking dependencies in R code ... WARNING
'::' or ':::' imports not declared from:
  ‘RColorBrewer’ ‘circlize’ ‘ggrepel’ ‘ggsci’ ‘limma’ ‘plyr’ ‘reshape2’
  ‘scales’ ‘xlsx’
'library' or 'require' calls not declared from:
  ‘org.Hs.eg.db’ ‘org.Mm.eg.db’
'library' or 'require' calls in package code:
  ‘org.Hs.eg.db’ ‘org.Mm.eg.db’
  Please use :: or requireNamespace() instead.
  See section 'Suggested packages' in the 'Writing R Extensions' manual.
Namespaces in Imports field not imported from:
  ‘cluster’ ‘org.Hs.eg.db’ ‘org.Mm.eg.db’ ‘utilsRtools’ ‘vegan’
  All declared Imports should be used.
* checking S3 generic/method consistency ... OK
* checking replacement functions ... OK
* checking foreign function calls ... OK
* checking R code for possible problems ... NOTE
analyzeDE : <anonymous>: no visible binding for global variable
  ‘counts’
analyzeDE : <anonymous>: no visible binding for global variable ‘tpm’
analyzeDE : <anonymous>: no visible binding for global variable ‘s33d’
analyze_relative_expression : get_expression_fc : summarize_fc: no
  visible binding for global variable ‘data_summary’
analyze_relative_expression : plot_expression_fc: no visible global
  function definition for ‘ggplot’
analyze_relative_expression : plot_expression_fc: no visible global
  function definition for ‘aes’
analyze_relative_expression : plot_expression_fc: no visible binding
  for global variable ‘time’
analyze_relative_expression : plot_expression_fc: no visible binding
  for global variable ‘y’
analyze_relative_expression : plot_expression_fc: no visible global
  function definition for ‘facet_grid’
analyze_relative_expression : plot_expression_fc: no visible global
  function definition for ‘facet_wrap’
analyze_relative_expression : plot_expression_fc: no visible global
  function definition for ‘as.formula’
analyze_relative_expression : plot_expression_fc: no visible global
  function definition for ‘theme_bw’
analyze_relative_expression : plot_expression_fc: no visible binding
  for global variable ‘my_theme’
analyze_relative_expression : plot_expression_fc: no visible global
  function definition for ‘ylab’
analyze_relative_expression : plot_expression_fc: no visible global
  function definition for ‘geom_line’
analyze_relative_expression : plot_expression_fc: no visible binding
  for global variable ‘direction’
analyze_relative_expression : plot_expression_fc: no visible global
  function definition for ‘geom_label’
analyze_relative_expression : plot_expression_fc: no visible binding
  for global variable ‘n’
analyze_relative_expression : plot_expression_fc: no visible global
  function definition for ‘geom_ribbon’
analyze_relative_expression : plot_expression_fc: no visible binding
  for global variable ‘ymin’
analyze_relative_expression : plot_expression_fc: no visible binding
  for global variable ‘ymax’
analyze_relative_expression : plot_expression_fc: no visible global
  function definition for ‘scale_fill_manual’
analyze_relative_expression : plot_expression_fc: no visible global
  function definition for ‘scale_color_manual’
analyze_relative_expression : plot_expression_fc: no visible global
  function definition for ‘theme’
analyze_relative_expression : plot_expression_fc: no visible global
  function definition for ‘element_blank’
analyze_relative_expression : plot_expression_fc: no visible global
  function definition for ‘element_text’
build_model_matrix: no visible global function definition for ‘relevel’
build_model_matrix: no visible global function definition for
  ‘model.matrix’
build_model_matrix: no visible global function definition for
  ‘as.formula’
calculateDiffExpr: no visible global function definition for ‘relevel’
calculateDiffExpr: no visible global function definition for
  ‘model.matrix’
calculateDiffExprDESeq2: no visible global function definition for
  ‘as.formula’
calculateDiffExprDESeq2: no visible binding for global variable
  ‘log2FoldChange’
calculateDiffExprDESeq2: no visible binding for global variable ‘padj’
calculateDiffExprEdgeR: no visible global function definition for
  ‘model.matrix’
calculateDiffExprEdgeR: no visible global function definition for
  ‘as.formula’
estimate_surrogate_vars: no visible global function definition for
  ‘relevel’
estimate_surrogate_vars: no visible global function definition for
  ‘model.matrix’
find.variable.genes : <anonymous>: no visible global function
  definition for ‘sd’
find.variable.genes: no visible global function definition for ‘optim’
find.variable.genes: no visible global function definition for ‘ggplot’
find.variable.genes: no visible global function definition for ‘aes’
find.variable.genes: no visible binding for global variable ‘log2_mean’
find.variable.genes: no visible binding for global variable ‘High’
find.variable.genes: no visible global function definition for
  ‘geom_point’
find.variable.genes: no visible global function definition for
  ‘geom_line’
find.variable.genes: no visible global function definition for
  ‘theme_bw’
find.variable.genes: no visible binding for global variable ‘my_theme’
find.variable.genes: no visible global function definition for
  ‘scale_color_manual’
find.variable.genes: no visible global function definition for ‘xlab’
find.variable.genes: no visible global function definition for ‘ylab’
getGO: no visible binding for global variable ‘regulation’
getGO_v2: no visible binding for global variable ‘org.Mm.eg.db’
getGO_v2: no visible binding for global variable ‘org.Hs.eg.db’
getPCA: no visible global function definition for ‘prcomp’
get_clusters: no visible global function definition for ‘row_order’
get_heatmap3: no visible global function definition for
  ‘colorRampPalette’
get_heatmap3: no visible global function definition for ‘gpar’
get_heatmap3: no visible global function definition for ‘new’
get_heatmap3: no visible global function definition for ‘unit’
get_heatmap3: no visible global function definition for ‘pdf’
get_heatmap3: no visible global function definition for ‘dev.off’
loadCounts: no visible binding for global variable ‘read.delim’
loadTPM: no visible global function definition for ‘read.csv2’
plotCorrelation: no visible global function definition for ‘cor’
plotCorrelation: no visible global function definition for
  ‘colorRampPalette’
plotCorrelation : <anonymous>: no visible global function definition
  for ‘grid.text’
plotCorrelation : <anonymous>: no visible global function definition
  for ‘gpar’
plotCorrelation: no visible global function definition for ‘gpar’
plotGObars: no visible global function definition for ‘ggplot’
plotGObars: no visible global function definition for ‘aes’
plotGObars: no visible binding for global variable ‘term.name’
plotGObars: no visible binding for global variable ‘p.value’
plotGObars: no visible global function definition for ‘geom_col’
plotGObars: no visible global function definition for ‘coord_flip’
plotGObars: no visible global function definition for ‘theme_bw’
plotGObars: no visible binding for global variable ‘my_theme’
plotGObars: no visible global function definition for ‘theme’
plotGObars: no visible global function definition for ‘element_blank’
plotGObars: no visible binding for global variable ‘Description’
plotGObars: no visible binding for global variable ‘qvalue’
plotPCA: no visible global function definition for ‘prcomp’
plotPCA: no visible global function definition for ‘ggplot’
plotPCA: no visible global function definition for ‘aes_string’
plotPCA: no visible global function definition for ‘geom_point’
plotPCA: no visible global function definition for ‘xlab’
plotPCA: no visible global function definition for ‘ylab’
plotPCA: no visible global function definition for ‘theme_bw’
plotPCA: no visible global function definition for ‘ggtitle’
plotPCA: no visible binding for global variable ‘my_theme_2’
plotPCA: no visible global function definition for ‘theme’
plotPCA: no visible global function definition for ‘element_blank’
plotPCA: no visible global function definition for ‘element_text’
plotPCA: no visible global function definition for ‘scale_color_manual’
plotPCA: no visible global function definition for ‘aes’
plotPCA: no visible binding for global variable ‘repel_col_by’
plotPCA: no visible binding for global variable ‘Var2’
plotPCA: no visible binding for global variable ‘value’
plotPCA: no visible binding for global variable ‘Var1’
plotPCA: no visible global function definition for ‘geom_line’
plotPCA: no visible global function definition for ‘scale_x_continuous’
plotPCA: no visible global function definition for ‘geom_hline’
plotPCA: no visible global function definition for ‘scale_y_continuous’
plotRNAVolcanos: no visible global function definition for ‘ggplot’
plotRNAVolcanos: no visible global function definition for ‘aes’
plotRNAVolcanos: no visible binding for global variable ‘lfc’
plotRNAVolcanos: no visible binding for global variable ‘padj’
plotRNAVolcanos: no visible binding for global variable ‘status’
plotRNAVolcanos: no visible binding for global variable ‘lab’
plotRNAVolcanos: no visible global function definition for ‘geom_point’
plotRNAVolcanos: no visible global function definition for ‘theme_bw’
plotRNAVolcanos: no visible global function definition for ‘geom_hline’
plotRNAVolcanos: no visible global function definition for ‘geom_vline’
plotRNAVolcanos: no visible global function definition for ‘xlab’
plotRNAVolcanos: no visible global function definition for ‘ylab’
plotRNAVolcanos: no visible binding for global variable ‘my_theme’
plotRNAVolcanos: no visible global function definition for ‘ggtitle’
plotRNAVolcanos: no visible global function definition for ‘theme’
plotRNAVolcanos: no visible global function definition for
  ‘element_text’
plotRNAVolcanos: no visible global function definition for
  ‘scale_color_manual’
plotRNAVolcanos: no visible global function definition for ‘geom_label’
plot_cluster_expression: no visible global function definition for ‘.’
plot_cluster_expression: no visible binding for global variable ‘gene’
plot_cluster_expression: no visible binding for global variable
  ‘cluster’
plot_cluster_expression: no visible binding for global variable
  ‘summarize’
plot_cluster_expression: no visible binding for global variable ‘tpm’
plot_cluster_expression: no visible global function definition for
  ‘ggplot’
plot_cluster_expression: no visible global function definition for
  ‘aes’
plot_cluster_expression: no visible binding for global variable
  ‘log2_av_tpm’
plot_cluster_expression: no visible binding for global variable ‘cond’
plot_cluster_expression: no visible global function definition for
  ‘geom_boxplot’
plot_cluster_expression: no visible global function definition for
  ‘facet_wrap’
plot_cluster_expression: no visible global function definition for
  ‘theme_bw’
plot_cluster_expression: no visible binding for global variable
  ‘my_theme’
plot_cluster_expression: no visible global function definition for
  ‘ylab’
plot_cluster_expression: no visible global function definition for
  ‘scale_fill_manual’
plot_cluster_expression: no visible global function definition for
  ‘theme’
plot_cluster_expression: no visible global function definition for
  ‘element_blank’
plot_cluster_expression: no visible global function definition for
  ‘element_text’
plot_hm_fc: no visible global function definition for
  ‘colorRampPalette’
plot_hm_fc: no visible global function definition for ‘gpar’
plot_hm_fc: no visible global function definition for ‘unit’
plot_loadings: no visible global function definition for ‘ggplot’
plot_loadings: no visible global function definition for ‘aes_string’
plot_loadings: no visible global function definition for ‘geom_point’
plot_loadings: no visible global function definition for ‘theme_bw’
plot_loadings: no visible binding for global variable ‘my_theme’
plot_loadings: no visible global function definition for ‘geom_hline’
plot_loadings: no visible global function definition for ‘geom_vline’
plot_loadings: no visible global function definition for ‘ggtitle’
plot_loadings: no visible global function definition for
  ‘scale_color_manual’
plot_loadings: no visible global function definition for ‘theme’
plot_loadings: no visible global function definition for ‘element_text’
plot_loadings: no visible global function definition for
  ‘element_blank’
plot_top_enrichment : plot.heatmap: no visible global function
  definition for ‘gpar’
plot_top_enrichment : plot.heatmap: no visible global function
  definition for ‘unit’
prepare_pairwise_contrasts: no visible global function definition for
  ‘model.matrix’
prepare_pairwise_contrasts: no visible global function definition for
  ‘combn’
processGO: no visible binding for global variable ‘p.value’
processRNAseqEdgeR: no visible global function definition for ‘relevel’
process_rnaseq_edger: no visible global function definition for
  ‘relevel’
saveDE : <anonymous>: no visible binding for global variable ‘fcTh’
saveDE : <anonymous>: no visible binding for global variable ‘fdrTh’
saveDE : <anonymous>: no visible global function definition for ‘pdf’
saveDE : <anonymous>: no visible global function definition for ‘unit’
saveDE : <anonymous>: no visible global function definition for
  ‘dev.off’
saveDE : <anonymous>: no visible binding for global variable ‘s33d’
saveDE: no visible binding for global variable ‘fcTh’
saveDE: no visible binding for global variable ‘fdrTh’
Undefined global functions or variables:
  . Description High Var1 Var2 aes aes_string as.formula cluster
  colorRampPalette combn cond coord_flip cor counts data_summary
  dev.off direction element_blank element_text facet_grid facet_wrap
  fcTh fdrTh gene geom_boxplot geom_col geom_hline geom_label geom_line
  geom_point geom_ribbon geom_vline ggplot ggtitle gpar grid.text lab
  lfc log2FoldChange log2_av_tpm log2_mean model.matrix my_theme
  my_theme_2 n new optim org.Hs.eg.db org.Mm.eg.db p.value padj pdf
  prcomp qvalue read.csv2 read.delim regulation relevel repel_col_by
  row_order s33d scale_color_manual scale_fill_manual
  scale_x_continuous scale_y_continuous sd status summarize term.name
  theme theme_bw time tpm unit value xlab y ylab ymax ymin
Consider adding
  importFrom("grDevices", "colorRampPalette", "dev.off", "pdf")
  importFrom("methods", "new")
  importFrom("stats", "as.formula", "cor", "model.matrix", "optim",
             "prcomp", "relevel", "sd", "time")
  importFrom("utils", "combn", "read.csv2", "read.delim")
to your NAMESPACE file (and ensure that your DESCRIPTION Imports field
contains 'methods').
* checking Rd files ... OK
* checking Rd metadata ... OK
* checking Rd cross-references ... OK
* checking for missing documentation entries ... WARNING
Undocumented code objects:
  ‘AlignStat’ ‘GrepStats’ ‘analyzeDE’ ‘analyze_de_contrasts’
  ‘analyze_relative_expression’ ‘assign_loadings’ ‘build_model_matrix’
  ‘calculateDiffExpr’ ‘calculateDiffExprDESeq2’
  ‘calculateDiffExprEdgeR’ ‘cleaningP’ ‘compute_fold_change’
  ‘countToFpkm’ ‘countToTpm’ ‘create_fc_matrix_contrasts’
  ‘estimate_surrogate_vars’ ‘find.variable.genes’
  ‘fix_de_contrast_names’ ‘getDEgenes’ ‘getDEgsigned’ ‘getDEres’
  ‘getGO’ ‘getGO_v2’ ‘getPCA’ ‘get_clusters’ ‘get_heatmap3’
  ‘get_kegg_pathway_enrichment’ ‘get_top_enrichment’ ‘loadCounts’
  ‘loadFunc’ ‘loadTPM’ ‘plotCorrelation’ ‘plotGObars’ ‘plotPCA’
  ‘plotRNAVolcanos’ ‘plot_cluster_expression’ ‘plot_hm_fc’
  ‘plot_loadings’ ‘plot_top_enrichment’ ‘prepare_pairwise_contrasts’
  ‘processGO’ ‘processRNAseqEdgeR’ ‘process_rnaseq_edger’ ‘saveDE’
  ‘saveXLSresEdgeR’
All user-level objects in a package should have documentation entries.
See chapter ‘Writing R documentation files’ in the ‘Writing R
Extensions’ manual.
* checking for code/documentation mismatches ... OK
* checking Rd \usage sections ... OK
* checking Rd contents ... OK
* checking for unstated dependencies in examples ... WARNING
no parsed files found
* checking line endings in Makefiles ... OK
* checking for GNU extensions in Makefiles ... OK
* checking include directives in Makefiles ... OK
* checking examples ... NONE
* checking PDF version of manual ... OK
* DONE
Status: 4 WARNINGs, 4 NOTEs
